This is pdfTeX, Version 3.14159265-2.6-1.40.15 (MiKTeX 2.9 64-bit) (preloaded format=pdflatex 2015.1.29)  17 JUN 2015 12:42
entering extended mode
**tutorialknit.tex
(tutorialknit.tex
LaTeX2e <2014/05/01>
Babel <3.9l> and hyphenation patterns for 68 languages loaded.
("C:\Program Files\MiKTeX 2.9\tex\latex\base\article.cls"
Document Class: article 2014/09/29 v1.4h Standard LaTeX document class
("C:\Program Files\MiKTeX 2.9\tex\latex\base\size10.clo"
File: size10.clo 2014/09/29 v1.4h Standard LaTeX file (size option)
)
\c@part=\count79
\c@section=\count80
\c@subsection=\count81
\c@subsubsection=\count82
\c@paragraph=\count83
\c@subparagraph=\count84
\c@figure=\count85
\c@table=\count86
\abovecaptionskip=\skip41
\belowcaptionskip=\skip42
\bibindent=\dimen102
)
("C:\Program Files\MiKTeX 2.9\tex\latex\graphics\graphicx.sty"
Package: graphicx 2014/10/28 v1.0g Enhanced LaTeX Graphics (DPC,SPQR)

("C:\Program Files\MiKTeX 2.9\tex\latex\graphics\keyval.sty"
Package: keyval 2014/10/28 v1.15 key=value parser (DPC)
\KV@toks@=\toks14
)
("C:\Program Files\MiKTeX 2.9\tex\latex\graphics\graphics.sty"
Package: graphics 2014/10/28 v1.0p Standard LaTeX Graphics (DPC,SPQR)

("C:\Program Files\MiKTeX 2.9\tex\latex\graphics\trig.sty"
Package: trig 1999/03/16 v1.09 sin cos tan (DPC)
)
("C:\Program Files\MiKTeX 2.9\tex\latex\00miktex\graphics.cfg"
File: graphics.cfg 2007/01/18 v1.5 graphics configuration of teTeX/TeXLive
)
Package graphics Info: Driver file: pdftex.def on input line 94.

("C:\Program Files\MiKTeX 2.9\tex\latex\pdftex-def\pdftex.def"
File: pdftex.def 2011/05/27 v0.06d Graphics/color for pdfTeX

("C:\Program Files\MiKTeX 2.9\tex\generic\oberdiek\infwarerr.sty"
Package: infwarerr 2010/04/08 v1.3 Providing info/warning/error messages (HO)
)
("C:\Program Files\MiKTeX 2.9\tex\generic\oberdiek\ltxcmds.sty"
Package: ltxcmds 2011/11/09 v1.22 LaTeX kernel commands for general use (HO)
)
\Gread@gobject=\count87
))
\Gin@req@height=\dimen103
\Gin@req@width=\dimen104
)
("C:\Program Files\MiKTeX 2.9\tex\latex\graphics\color.sty"
Package: color 2014/10/28 v1.1a Standard LaTeX Color (DPC)

("C:\Program Files\MiKTeX 2.9\tex\latex\00miktex\color.cfg"
File: color.cfg 2007/01/18 v1.5 color configuration of teTeX/TeXLive
)
Package color Info: Driver file: pdftex.def on input line 142.
)
("C:\Users\Jakob Grove\AppData\Roaming\MiKTeX\2.9\tex\latex\framed\framed.sty"
Package: framed 2011/10/22 v 0.96: framed or shaded text with page breaks
\OuterFrameSep=\skip43
\fb@frw=\dimen105
\fb@frh=\dimen106
\FrameRule=\dimen107
\FrameSep=\dimen108
) ("C:\Program Files\MiKTeX 2.9\tex\latex\base\alltt.sty"
Package: alltt 1997/06/16 v2.0g defines alltt environment
)
("C:\Users\Jakob Grove\AppData\Roaming\MiKTeX\2.9\tex\latex\upquote\upquote.sty
"
Package: upquote 2012/04/19 v1.3 upright-quote and grave-accent glyphs in verba
tim
) (tutorialknit.aux)
LaTeX Font Info:    Checking defaults for OML/cmm/m/it on input line 52.
LaTeX Font Info:    ... okay on input line 52.
LaTeX Font Info:    Checking defaults for T1/cmr/m/n on input line 52.
LaTeX Font Info:    ... okay on input line 52.
LaTeX Font Info:    Checking defaults for OT1/cmr/m/n on input line 52.
LaTeX Font Info:    ... okay on input line 52.
LaTeX Font Info:    Checking defaults for OMS/cmsy/m/n on input line 52.
LaTeX Font Info:    ... okay on input line 52.
LaTeX Font Info:    Checking defaults for OMX/cmex/m/n on input line 52.
LaTeX Font Info:    ... okay on input line 52.
LaTeX Font Info:    Checking defaults for U/cmr/m/n on input line 52.
LaTeX Font Info:    ... okay on input line 52.

("C:\Users\Jakob Grove\AppData\Roaming\MiKTeX\2.9\tex\context\base\supp-pdf.mki
i"
[Loading MPS to PDF converter (version 2006.09.02).]
\scratchcounter=\count88
\scratchdimen=\dimen109
\scratchbox=\box26
\nofMPsegments=\count89
\nofMParguments=\count90
\everyMPshowfont=\toks15
\MPscratchCnt=\count91
\MPscratchDim=\dimen110
\MPnumerator=\count92
\makeMPintoPDFobject=\count93
\everyMPtoPDFconversion=\toks16
)
Package color Info: Redefining color shadecolor on input line 55.
LaTeX Font Info:    Font shape `OT1/cmtt/bx/n' in size <10> not available
(Font)              Font shape `OT1/cmtt/m/n' tried instead on input line 57.

Overfull \hbox (32.9967pt too wide) in paragraph at lines 69--69
[]\OT1/cmtt/m/n/10 ##   manufacturer model displ year cyl      trans drv cty hw
y fl   class[] 
 []


Overfull \hbox (32.9967pt too wide) in paragraph at lines 69--69
[]\OT1/cmtt/m/n/10 ## 1         audi    a4   1.8 1999   4   auto(l5)   f  18  2
9  p compact[] 
 []


Overfull \hbox (32.9967pt too wide) in paragraph at lines 69--69
[]\OT1/cmtt/m/n/10 ## 2         audi    a4   1.8 1999   4 manual(m5)   f  21  2
9  p compact[] 
 []


Overfull \hbox (32.9967pt too wide) in paragraph at lines 69--69
[]\OT1/cmtt/m/n/10 ## 3         audi    a4   2.0 2008   4 manual(m6)   f  20  3
1  p compact[] 
 []


Overfull \hbox (32.9967pt too wide) in paragraph at lines 69--69
[]\OT1/cmtt/m/n/10 ## 4         audi    a4   2.0 2008   4   auto(av)   f  21  3
0  p compact[] 
 []


Overfull \hbox (32.9967pt too wide) in paragraph at lines 69--69
[]\OT1/cmtt/m/n/10 ## 5         audi    a4   2.8 1999   6   auto(l5)   f  16  2
6  p compact[] 
 []


Overfull \hbox (32.9967pt too wide) in paragraph at lines 69--69
[]\OT1/cmtt/m/n/10 ## 6         audi    a4   2.8 1999   6 manual(m5)   f  18  2
6  p compact[] 
 []

Package color Info: Redefining color shadecolor on input line 74.
<figure/explo1-1.pdf, id=1, 505.89pt x 505.89pt>
File: figure/explo1-1.pdf Graphic file (type pdf)
 <use figure/explo1-1.pdf>
Package pdftex.def Info: figure/explo1-1.pdf used on input line 79.
(pdftex.def)             Requested size: 345.0pt x 345.00414pt.

Overfull \hbox (15.0pt too wide) in paragraph at lines 79--80
[][] 
 []

Package color Info: Redefining color shadecolor on input line 84.
[1

{C:/Users/Jakob Grove/AppData/Local/MiKTeX/2.9/pdftex/config/pdftex.map} <./fig
ure/explo1-1.pdf>]
Overfull \hbox (195.74529pt too wide) in paragraph at lines 86--86
[][]\OT1/cmtt/m/n/10 ggplot[][]([][]data[] []= mpg,[] []aes[][]([][]x[] []= cty
,[] []y[] []= hwy,[] []color[][]=manufacturer))[] []+[] []geom_jitter[][]()[] [
]+[] []geom_smooth[][]([][]model[][]=[][]"lm"[][])[][] 
 []

<figure/explo2-1.pdf, id=13, 505.89pt x 505.89pt>
File: figure/explo2-1.pdf Graphic file (type pdf)
 <use figure/explo2-1.pdf>
Package pdftex.def Info: figure/explo2-1.pdf used on input line 91.
(pdftex.def)             Requested size: 345.0pt x 345.00414pt.

Overfull \hbox (15.0pt too wide) in paragraph at lines 91--92
[][] 
 []

Package color Info: Redefining color shadecolor on input line 96.

Overfull \hbox (465.22906pt too wide) in paragraph at lines 98--98
[][]\OT1/cmtt/m/n/10 ggplot[][](mpg,[] []aes[][]([][]y[][]=hwy,[] []x[][]=cty))
[] []+[][]geom_jitter[][]([][]aes[][]([][]color[] []= manufacturer))[] []+[][]g
eom_smooth[][]([][]method[] []=[][]"lm"[][])[] []\OT1/cmtt/m/it/10 #+coord_cart
esian() +scale_color_gradient() #+theme_bw()[][] 
 []

<figure/explo3-1.pdf, id=14, 505.89pt x 505.89pt>
File: figure/explo3-1.pdf Graphic file (type pdf)
 <use figure/explo3-1.pdf>
Package pdftex.def Info: figure/explo3-1.pdf used on input line 101.
(pdftex.def)             Requested size: 345.0pt x 345.00414pt.

Overfull \hbox (15.0pt too wide) in paragraph at lines 101--102
[][] 
 []

Package color Info: Redefining color shadecolor on input line 109.
[2 <./figure/explo2-1.pdf>] <figure/explo5-1.pdf, id=28, 505.89pt x 505.89pt>
File: figure/explo5-1.pdf Graphic file (type pdf)

<use figure/explo5-1.pdf>
Package pdftex.def Info: figure/explo5-1.pdf used on input line 114.
(pdftex.def)             Requested size: 345.0pt x 345.00414pt.

Overfull \hbox (15.0pt too wide) in paragraph at lines 114--115
[][] 
 []

[3 <./figure/explo3-1.pdf>] [4 <./figure/explo5-1.pdf>] (tutorialknit.aux) ) 
Here is how much of TeX's memory you used:
 1264 strings out of 493698
 16999 string characters out of 4894392
 2070126 words of memory out of 8000000
 4620 multiletter control sequences out of 15000+200000
 3976 words of font info for 16 fonts, out of 2000000 for 9000
 1025 hyphenation exceptions out of 8191
 27i,5n,19p,374b,244s stack positions out of 5000i,500n,10000p,200000b,50000s
<C:
/Program Files/MiKTeX 2.9/fonts/type1/public/amsfonts/cm/cmitt10.pfb><C:/Progra
m Files/MiKTeX 2.9/fonts/type1/public/amsfonts/cm/cmr10.pfb><C:/Program Files/M
iKTeX 2.9/fonts/type1/public/amsfonts/cm/cmtt10.pfb>
Output written on tutorialknit.pdf (4 pages, 101908 bytes).
PDF statistics:
 59 PDF objects out of 1000 (max. 8388607)
 0 named destinations out of 1000 (max. 500000)
 21 words of extra memory for PDF output out of 10000 (max. 10000000)

